9588:C 28 Mar 2022 21:58:47.286 # oO0OoO0OoO0Oo Redis is starting oO0OoO0OoO0Oo
9588:C 28 Mar 2022 21:58:47.286 # Redis version=6.2.6, bits=64, commit=00000000, modified=0, pid=9588, just started
9588:C 28 Mar 2022 21:58:47.286 # Configuration loaded
9588:M 28 Mar 2022 21:58:47.286 * Increased maximum number of open files to 10032 (it was originally set to 1024).
9588:M 28 Mar 2022 21:58:47.286 * monotonic clock: POSIX clock_gettime
9588:M 28 Mar 2022 21:58:47.287 * Running mode=standalone, port=6379.
9588:M 28 Mar 2022 21:58:47.287 # Server initialized
9588:M 28 Mar 2022 21:58:47.287 # WARNING overcommit_memory is set to 0! Background save may fail under low memory condition. To fix this issue add 'vm.overcommit_memory = 1' to /etc/sysctl.conf and then reboot or run the command 'sysctl vm.overcommit_memory=1' for this to take effect.
9588:M 28 Mar 2022 21:58:47.287 * Ready to accept connections
10352:C 28 Mar 2022 22:21:22.795 # oO0OoO0OoO0Oo Redis is starting oO0OoO0OoO0Oo
10352:C 28 Mar 2022 22:21:22.795 # Redis version=6.2.6, bits=64, commit=00000000, modified=0, pid=10352, just started
10352:C 28 Mar 2022 22:21:22.795 # Configuration loaded
10352:M 28 Mar 2022 22:21:22.796 * Increased maximum number of open files to 10032 (it was originally set to 1024).
10352:M 28 Mar 2022 22:21:22.796 * monotonic clock: POSIX clock_gettime
10352:M 28 Mar 2022 22:21:22.796 * Running mode=standalone, port=6379.
10352:M 28 Mar 2022 22:21:22.796 # Server initialized
10352:M 28 Mar 2022 22:21:22.796 # WARNING overcommit_memory is set to 0! Background save may fail under low memory condition. To fix this issue add 'vm.overcommit_memory = 1' to /etc/sysctl.conf and then reboot or run the command 'sysctl vm.overcommit_memory=1' for this to take effect.
10352:M 28 Mar 2022 22:21:22.796 * Ready to accept connections
10352:M 28 Mar 2022 22:21:26.260 * Replica 127.0.0.1:6380 asks for synchronization
10352:M 28 Mar 2022 22:21:26.260 * Full resync requested by replica 127.0.0.1:6380
10352:M 28 Mar 2022 22:21:26.260 * Replication backlog created, my new replication IDs are '43ca03537983bc3919d2aab9ce36777e2b43306a' and '0000000000000000000000000000000000000000'
10352:M 28 Mar 2022 22:21:26.260 * Starting BGSAVE for SYNC with target: disk
10352:M 28 Mar 2022 22:21:26.260 * Background saving started by pid 10363
10363:C 28 Mar 2022 22:21:26.261 * DB saved on disk
10363:C 28 Mar 2022 22:21:26.261 * RDB: 0 MB of memory used by copy-on-write
10352:M 28 Mar 2022 22:21:26.324 * Background saving terminated with success
10352:M 28 Mar 2022 22:21:26.325 * Synchronization with replica 127.0.0.1:6380 succeeded
10352:M 28 Mar 2022 22:21:29.408 * Replica 127.0.0.1:6381 asks for synchronization
10352:M 28 Mar 2022 22:21:29.408 * Full resync requested by replica 127.0.0.1:6381
10352:M 28 Mar 2022 22:21:29.408 * Starting BGSAVE for SYNC with target: disk
10352:M 28 Mar 2022 22:21:29.408 * Background saving started by pid 10370
10370:C 28 Mar 2022 22:21:29.409 * DB saved on disk
10370:C 28 Mar 2022 22:21:29.409 * RDB: 0 MB of memory used by copy-on-write
10352:M 28 Mar 2022 22:21:29.449 * Background saving terminated with success
10352:M 28 Mar 2022 22:21:29.449 * Synchronization with replica 127.0.0.1:6381 succeeded
